<?xml version="1.0" encoding="UTF-8"?>
<!-- Generated by org.testng.reporters.JUnitReportReporter -->
<testsuite hostname="DESKTOP-KFHMFDJ" failures="0" tests="2" name="com.farmework.tests.SearchTest" time="43.523" errors="0" timestamp="2024-11-01T21:18:33 IST" skipped="0">
  <testcase classname="com.farmework.tests.SearchTest" name="verifySearchWithValidProductName" time="19.151"/>
  <testcase classname="com.farmework.tests.SearchTest" name="verifySearchWithInValidProductName" time="24.372"/>
</testsuite> <!-- com.farmework.tests.SearchTest -->
