<?xml version="1.0" encoding="UTF-8"?>
<!-- Generated by org.testng.reporters.JUnitReportReporter -->
<testsuite hostname="DESKTOP-KFHMFDJ" failures="0" tests="5" name="com.farmework.tests.LoginTest" time="34.601" errors="0" timestamp="2024-11-01T21:18:33 IST" skipped="0">
  <testcase classname="com.farmework.tests.LoginTest" name="verify_Login_With_Valid_Cred_Using_Properties_File" time="8.051"/>
  <testcase classname="com.farmework.tests.LoginTest" name="verify_Login_With_InValid_Cred" time="6.631"/>
  <testcase classname="com.farmework.tests.LoginTest" name="verify_Login_With_Valid_Cred1" time="4.541"/>
  <testcase classname="com.farmework.tests.LoginTest" name="verify_Login_With_Valid_Cred2" time="9.069"/>
  <testcase classname="com.farmework.tests.LoginTest" name="verify_Login_Without_Enterig_Credentials" time="6.309"/>
</testsuite> <!-- com.farmework.tests.LoginTest -->
