<?xml version="1.0" encoding="UTF-8"?>
<!-- Generated by org.testng.reporters.JUnitReportReporter -->
<testsuite hostname="DESKTOP-KFHMFDJ" failures="0" tests="1" name="com.farmework.tests.UserRegisterationTest" time="8.371" errors="0" timestamp="2024-11-01T21:21:21 IST" skipped="0">
  <testcase classname="com.farmework.tests.UserRegisterationTest" name="registerWithAllMandatoryDetailsPropertyFileData" time="8.371"/>
</testsuite> <!-- com.farmework.tests.UserRegisterationTest -->
