<?xml version="1.0" encoding="UTF-8"?>
<!-- Generated by org.testng.reporters.JUnitReportReporter -->
<testsuite hostname="DESKTOP-KFHMFDJ" failures="0" tests="5" name="com.farmework.tests.LoginTest" time="35.692" errors="0" timestamp="2024-12-22T06:53:44 IST" skipped="0">
  <testcase classname="com.farmework.tests.LoginTest" name="verify_Login_With_Valid_Cred_Using_Properties_File" time="8.252"/>
  <system-out/>
  <testcase classname="com.farmework.tests.LoginTest" name="verify_Login_With_Valid_Cred2" time="9.366"/>
  <system-out/>
  <testcase classname="com.farmework.tests.LoginTest" name="verify_Login_Without_Enterig_Credentials" time="9.967"/>
  <system-out/>
  <testcase classname="com.farmework.tests.LoginTest" name="verify_Login_With_Valid_Cred1" time="1.288"/>
  <system-out/>
  <testcase classname="com.farmework.tests.LoginTest" name="verify_Login_With_InValid_Cred" time="6.819"/>
  <system-out/>
</testsuite> <!-- com.farmework.tests.LoginTest -->
